<?xml version="1.0" encoding="UTF-8"?>
<testsuites>
  <testsuite name="" tests="6" assertions="6" errors="6" warnings="0" failures="0" skipped="0" time="0.006345">
    <testsuite name="default" tests="6" assertions="6" errors="6" warnings="0" failures="0" skipped="0" time="0.006345">
      <testsuite name="CalculatorTest" file="/Users/xieheng/gitspace/azurespace/test-repo-for-jenkins/test/CalculatorTest.php" tests="5" assertions="5" errors="5" warnings="0" failures="0" skipped="0" time="0.004922">
        <testsuite name="CalculatorTest::testAddNumbers" tests="4" assertions="4" errors="4" warnings="0" failures="0" skipped="0" time="0.003734">
          <testcase name="testAddNumbers with data set #0" class="CalculatorTest" classname="CalculatorTest" file="/Users/xieheng/gitspace/azurespace/test-repo-for-jenkins/test/CalculatorTest.php" line="23" assertions="1" time="0.000875">
            <error type="PHPUnit\Framework\MissingCoversAnnotationException">CalculatorTest::testAddNumbers with data set #0 (2, 2, 4)
This test does not have a @covers annotation but is expected to have one</error>
          </testcase>
          <testcase name="testAddNumbers with data set #1" class="CalculatorTest" classname="CalculatorTest" file="/Users/xieheng/gitspace/azurespace/test-repo-for-jenkins/test/CalculatorTest.php" line="23" assertions="1" time="0.001129">
            <error type="PHPUnit\Framework\MissingCoversAnnotationException">CalculatorTest::testAddNumbers with data set #1 (2.5, 2.5, 5)
This test does not have a @covers annotation but is expected to have one</error>
          </testcase>
          <testcase name="testAddNumbers with data set #2" class="CalculatorTest" classname="CalculatorTest" file="/Users/xieheng/gitspace/azurespace/test-repo-for-jenkins/test/CalculatorTest.php" line="23" assertions="1" time="0.000748">
            <error type="PHPUnit\Framework\MissingCoversAnnotationException">CalculatorTest::testAddNumbers with data set #2 (-3, 1, -2)
This test does not have a @covers annotation but is expected to have one</error>
          </testcase>
          <testcase name="testAddNumbers with data set #3" class="CalculatorTest" classname="CalculatorTest" file="/Users/xieheng/gitspace/azurespace/test-repo-for-jenkins/test/CalculatorTest.php" line="23" assertions="1" time="0.000982">
            <error type="PHPUnit\Framework\MissingCoversAnnotationException">CalculatorTest::testAddNumbers with data set #3 (-9, -9, -18)
This test does not have a @covers annotation but is expected to have one</error>
          </testcase>
        </testsuite>
        <testcase name="testThrowExceptionIfNonNumbericIsPassed" class="CalculatorTest" classname="CalculatorTest" file="/Users/xieheng/gitspace/azurespace/test-repo-for-jenkins/test/CalculatorTest.php" line="32" assertions="1" time="0.001188">
          <error type="PHPUnit\Framework\MissingCoversAnnotationException">CalculatorTest::testThrowExceptionIfNonNumbericIsPassed
This test does not have a @covers annotation but is expected to have one</error>
        </testcase>
      </testsuite>
      <testsuite name="GumballMachineTest" file="/Users/xieheng/gitspace/azurespace/test-repo-for-jenkins/test/GumballMachineTest.php" tests="1" assertions="1" errors="1" warnings="0" failures="0" skipped="0" time="0.001423">
        <testcase name="testTurnWheel" class="GumballMachineTest" classname="GumballMachineTest" file="/Users/xieheng/gitspace/azurespace/test-repo-for-jenkins/test/GumballMachineTest.php" line="10" assertions="1" time="0.001423">
          <error type="PHPUnit\Framework\MissingCoversAnnotationException">GumballMachineTest::testTurnWheel
This test does not have a @covers annotation but is expected to have one</error>
        </testcase>
      </testsuite>
    </testsuite>
  </testsuite>
</testsuites>
